<?xml version="1.0" encoding="UTF-8"?>
<!-- Generated by org.testng.reporters.JUnitXMLReporter -->
<testsuite ignored="0" hostname="LAPTOP-BIM2FR3V" failures="0" tests="4" name="Test" time="42.709" errors="0" timestamp="2025-02-18T05:17:39 IST">
  <testcase classname="scenarios.MouseHover" name="dragAndDrop" time="9.793"/>
  <testcase classname="scenarios.SwitchingWindows" name="switchWin" time="11.182"/>
  <testcase classname="scenarios.CheckBoxAndRadBtn" name="handlingChkBoxesRadBtns" time="16.128"/>
  <testcase classname="scenarios.DynDataHandling" name="getDynData" time="5.554"/>
</testsuite> <!-- Test -->
