<?xml version="1.0" encoding="UTF-8"?>
<!-- Generated by org.testng.reporters.JUnitXMLReporter -->
<testsuite ignored="0" hostname="LAPTOP-BIM2FR3V" failures="0" tests="5" name="Test" time="60.508" errors="0" timestamp="2025-03-10T05:39:46 IST">
  <testcase classname="scenarios.MouseHover" name="dragAndDrop" time="14.073"/>
  <testcase classname="scenarios.SwitchingWindows" name="switchWin" time="12.458"/>
  <testcase classname="scenarios.CheckBoxAndRadBtn" name="handlingChkBoxesRadBtns" time="17.183"/>
  <testcase classname="scenarios.DynDataHandling" name="getDynData" time="7.507"/>
  <testcase classname="scenarios.DatePicker" name="selDate" time="9.212"/>
</testsuite> <!-- Test -->
