<?xml version="1.0" encoding="UTF-8"?>
<!-- Generated by org.testng.reporters.JUnitXMLReporter -->
<testsuite ignored="0" hostname="LAPTOP-BIM2FR3V" failures="0" tests="5" name="Test" time="71.676" errors="0" timestamp="2025-02-22T05:23:47 IST">
  <testcase classname="scenarios.MouseHover" name="dragAndDrop" time="13.889"/>
  <testcase classname="scenarios.SwitchingWindows" name="switchWin" time="17.689"/>
  <testcase classname="scenarios.CheckBoxAndRadBtn" name="handlingChkBoxesRadBtns" time="19.41"/>
  <testcase classname="scenarios.DynDataHandling" name="getDynData" time="8.239"/>
  <testcase classname="scenarios.DatePicker" name="selDate" time="12.355"/>
</testsuite> <!-- Test -->
