<?xml version="1.0" encoding="UTF-8"?>
<testsuite xmlns:xsi="http://www.w3.org/2001/XMLSchema-instance" xsi:noNamespaceSchemaLocation="https://maven.apache.org/surefire/maven-surefire-plugin/xsd/surefire-test-report.xsd" version="3.0.1" name="TestSuite" time="61.641" tests="5" errors="0" skipped="0" failures="0">
  <properties>
[...]
</properties>
  <testcase name="dragAndDrop" classname="scenarios.MouseHover" time="14.078">
    <system-err><![CDATA[SLF4J: Failed to load class "org.slf4j.impl.StaticLoggerBinder".
SLF4J: Defaulting to no-operation (NOP) logger implementation
SLF4J: See http://www.slf4j.org/codes.html#StaticLoggerBinder for further details.
Mar 10, 2025 5:38:49 AM org.openqa.selenium.devtools.CdpVersionFinder findNearestMatch
WARNING: Unable to find an exact match for CDP version 134, returning the closest version; found: 132; Please update to a Selenium version that supports CDP version 134
]]></system-err>
  </testcase>
  <testcase name="switchWin" classname="scenarios.SwitchingWindows" time="12.457">
    <system-out><![CDATA[Total Window id=2
C5B1362C69DD5A2C1C0FE237594B91EE
826E2D38446002DA712CE81D779A7A88
window1--W3Schools Tryit Editor
window2--W3Schools Online Web Tutorials
true
Login Button Enabled...
]]></system-out>
    <system-err><![CDATA[Mar 10, 2025 5:39:01 AM org.openqa.selenium.devtools.CdpVersionFinder findNearestMatch
WARNING: Unable to find an exact match for CDP version 134, returning the closest version; found: 132; Please update to a Selenium version that supports CDP version 134
]]></system-err>
  </testcase>
  <testcase name="handlingChkBoxesRadBtns" classname="scenarios.CheckBoxAndRadBtn" time="17.185">
    <system-out><![CDATA[BMW selected..
Benzand Honda are not selected...
Program executed....
]]></system-out>
    <system-err><![CDATA[Mar 10, 2025 5:39:13 AM org.openqa.selenium.devtools.CdpVersionFinder findNearestMatch
WARNING: Unable to find an exact match for CDP version 134, returning the closest version; found: 132; Please update to a Selenium version that supports CDP version 134
]]></system-err>
  </testcase>
  <testcase name="getDynData" classname="scenarios.DynDataHandling" time="7.505">
    <system-out><![CDATA[What is 5 + 0
5	0
5
true
Value entered is correct..
What is 7 + 9
7	9
16
true
Value entered is correct..
What is 9 + 1
9	1
10
true
Value entered is correct..
]]></system-out>
    <system-err><![CDATA[Mar 10, 2025 5:39:31 AM org.openqa.selenium.devtools.CdpVersionFinder findNearestMatch
WARNING: Unable to find an exact match for CDP version 134, returning the closest version; found: 132; Please update to a Selenium version that supports CDP version 134
]]></system-err>
  </testcase>
  <testcase name="selDate" classname="scenarios.DatePicker" time="9.212">
    <system-out><![CDATA[March	2025
April	2025
May	2025
June	2025
July	2025
August	2025
September	2025
October	2025
November	2025
December	2025
January	2026
February	2026
March	2026
April	2026
]]></system-out>
    <system-err><![CDATA[Mar 10, 2025 5:39:38 AM org.openqa.selenium.devtools.CdpVersionFinder findNearestMatch
WARNING: Unable to find an exact match for CDP version 134, returning the closest version; found: 132; Please update to a Selenium version that supports CDP version 134
]]></system-err>
  </testcase>
</testsuite>