<?xml version="1.0" encoding="UTF-8"?>
<testsuite xmlns:xsi="http://www.w3.org/2001/XMLSchema-instance" xsi:noNamespaceSchemaLocation="https://maven.apache.org/surefire/maven-surefire-plugin/xsd/surefire-test-report.xsd" version="3.0.1" name="TestSuite" time="72.812" tests="5" errors="0" skipped="0" failures="0">
  <properties>
[...]
</properties>
  <testcase name="dragAndDrop" classname="scenarios.MouseHover" time="13.889">
    <system-err><![CDATA[SLF4J: Failed to load class "org.slf4j.impl.StaticLoggerBinder".
SLF4J: Defaulting to no-operation (NOP) logger implementation
SLF4J: See http://www.slf4j.org/codes.html#StaticLoggerBinder for further details.
Feb 22, 2025 5:22:40 AM org.openqa.selenium.devtools.CdpVersionFinder findNearestMatch
WARNING: Unable to find an exact match for CDP version 133, returning the closest version; found: 132; Please update to a Selenium version that supports CDP version 133
]]></system-err>
  </testcase>
  <testcase name="switchWin" classname="scenarios.SwitchingWindows" time="17.69">
    <system-out><![CDATA[Total Window id=2
030B4B9D98E43F7A895A2105454A7412
4EEFF9FC9646A85AD1CF8A29CCEE9757
window1--W3Schools Tryit Editor
window2--W3Schools Online Web Tutorials
true
Login Button Enabled...
]]></system-out>
    <system-err><![CDATA[Feb 22, 2025 5:22:53 AM org.openqa.selenium.devtools.CdpVersionFinder findNearestMatch
WARNING: Unable to find an exact match for CDP version 133, returning the closest version; found: 132; Please update to a Selenium version that supports CDP version 133
]]></system-err>
  </testcase>
  <testcase name="handlingChkBoxesRadBtns" classname="scenarios.CheckBoxAndRadBtn" time="19.409">
    <system-out><![CDATA[BMW selected..
Benzand Honda are not selected...
]]></system-out>
    <system-err><![CDATA[Feb 22, 2025 5:23:11 AM org.openqa.selenium.devtools.CdpVersionFinder findNearestMatch
WARNING: Unable to find an exact match for CDP version 133, returning the closest version; found: 132; Please update to a Selenium version that supports CDP version 133
]]></system-err>
  </testcase>
  <testcase name="getDynData" classname="scenarios.DynDataHandling" time="8.239">
    <system-out><![CDATA[What is 5 + 7
5	7
12
true
Value entered is correct..
What is 0 + 2
0	2
2
true
Value entered is correct..
What is 3 + 3
3	3
6
true
Value entered is correct..
]]></system-out>
    <system-err><![CDATA[Feb 22, 2025 5:23:30 AM org.openqa.selenium.devtools.CdpVersionFinder findNearestMatch
WARNING: Unable to find an exact match for CDP version 133, returning the closest version; found: 132; Please update to a Selenium version that supports CDP version 133
]]></system-err>
  </testcase>
  <testcase name="selDate" classname="scenarios.DatePicker" time="12.356">
    <system-out><![CDATA[February	2025
March	2025
April	2025
May	2025
June	2025
July	2025
August	2025
September	2025
October	2025
November	2025
December	2025
January	2026
February	2026
March	2026
April	2026
]]></system-out>
    <system-err><![CDATA[Feb 22, 2025 5:23:38 AM org.openqa.selenium.devtools.CdpVersionFinder findNearestMatch
WARNING: Unable to find an exact match for CDP version 133, returning the closest version; found: 132; Please update to a Selenium version that supports CDP version 133
]]></system-err>
  </testcase>
</testsuite>