<?xml version="1.0" encoding="UTF-8"?>
<testng-results ignored="0" total="1" passed="1" failed="0" skipped="0">
  <reporter-output>
  </reporter-output>
  <suite started-at="2025-02-22T05:20:15 IST" name="Default suite" finished-at="2025-02-22T05:20:26 IST" duration-ms="11724">
    <groups>
    </groups>
    <test started-at="2025-02-22T05:20:15 IST" name="Default test" finished-at="2025-02-22T05:20:26 IST" duration-ms="11724">
      <class name="scenarios.DatePicker">
        <test-method signature="selDate()[pri:0, instance:scenarios.DatePicker@31c88ec8]" started-at="2025-02-22T05:20:15 IST" name="selDate" finished-at="2025-02-22T05:20:26 IST" duration-ms="11621" status="PASS">
          <reporter-output>
          </reporter-output>
        </test-method> <!-- selDate -->
      </class> <!-- scenarios.DatePicker -->
    </test> <!-- Default test -->
  </suite> <!-- Default suite -->
</testng-results>
